Version: nightly
Build Time: 2026.05.10
Platform: windows (amd64)
OpenGL 3.3
RAM in Use: 192 MB / OS Reserved: 280 MB
Active Goroutines: 3
Timestamp: 2026-05-21 02:33:52

Engine error

Error: .\external\script\start.lua:1654: chars/Nia/Nia.cns:610:
16ground.slidetime = 10
ground.hittime: Invalid data: ground.slidetime
stack traceback:
	[G]: in function 'game'
	.\external\script\start.lua:1654: in function 'f_game'
	.\external\script\start.lua:2228: in function 'launchFight'
	external/script/default.lua:2: in function <external/script/default.lua:0>
	.\external\script\start.lua:1710: in function 'f'
	external/script/main.lua:2387: in function 'loop'
	external/script/main.lua:3708: in main chunk
	[G]: ?

Go stack traceback:
goroutine 1 [running, locked to thread]:
runtime/debug.Stack()
	runtime/debug/stack.go:24 +0x65
main.handlePanic({0x7ff7262da400?, 0xc00b8216c0})
	github.com/ikemen-engine/Ikemen-GO/src/main.go:362 +0x3e5
main.realMain.func1()
	github.com/ikemen-engine/Ikemen-GO/src/main.go:66 +0x2a
panic({0x7ff7262da400, 0xc00b8216c0})
	runtime/panic.go:884 +0x213
main.realMain()
	github.com/ikemen-engine/Ikemen-GO/src/main.go:206 +0x573
main.main()
	github.com/ikemen-engine/Ikemen-GO/src/main.go:59 +0x17
