Version: nightly
Build Time: 2026.03.18
Platform: windows (amd64)
OpenGL 3.3
RAM in Use: 38 MB / OS Reserved: 95 MB
Active Goroutines: 2
Timestamp: 2026-05-11 22:01:24

Engine error

Error: external/script/main.lua:871: attempt to call a non-function object
stack traceback:
	external/script/main.lua:871: in main chunk
	[G]: ?

Go stack traceback:
goroutine 1 [running, locked to thread]:
runtime/debug.Stack()
	runtime/debug/stack.go:24 +0x65
main.handlePanic({0x7ff71b2129a0?, 0xc0005fd580})
	github.com/ikemen-engine/Ikemen-GO/src/main.go:363 +0x3e5
main.realMain.func1()
	github.com/ikemen-engine/Ikemen-GO/src/main.go:66 +0x2a
panic({0x7ff71b2129a0, 0xc0005fd580})
	runtime/panic.go:884 +0x213
main.realMain()
	github.com/ikemen-engine/Ikemen-GO/src/main.go:206 +0x56d
main.main()
	github.com/ikemen-engine/Ikemen-GO/src/main.go:59 +0x17
